\BOOKMARK [0][-]{chapter.1}{\376\377\0001\000\040\000A\000l\000g\000o\000r\000i\000t\000h\000m\000\137\000L\000i\000b\000r\000a\000r\000y}{}% 1
\BOOKMARK [0][-]{chapter.2}{\376\377\0002\000\040\000C\000l\000a\000s\000s\000\040\000I\000n\000d\000e\000x}{}% 2
\BOOKMARK [1][-]{section.2.1}{\376\377\0002\000.\0001\000\040\000C\000l\000a\000s\000s\000\040\000L\000i\000s\000t}{chapter.2}% 3
\BOOKMARK [0][-]{chapter.3}{\376\377\0003\000\040\000F\000i\000l\000e\000\040\000I\000n\000d\000e\000x}{}% 4
\BOOKMARK [1][-]{section.3.1}{\376\377\0003\000.\0001\000\040\000F\000i\000l\000e\000\040\000L\000i\000s\000t}{chapter.3}% 5
\BOOKMARK [0][-]{chapter.4}{\376\377\0004\000\040\000C\000l\000a\000s\000s\000\040\000D\000o\000c\000u\000m\000e\000n\000t\000a\000t\000i\000o\000n}{}% 6
\BOOKMARK [1][-]{section.4.1}{\376\377\0004\000.\0001\000\040\000D\000i\000s\000j\000o\000i\000n\000t\000S\000e\000t\000\040\000C\000l\000a\000s\000s\000\040\000R\000e\000f\000e\000r\000e\000n\000c\000e}{chapter.4}% 7
\BOOKMARK [2][-]{subsection.4.1.1}{\376\377\0004\000.\0001\000.\0001\000\040\000C\000o\000n\000s\000t\000r\000u\000c\000t\000o\000r\000\040\000\046\000\040\000D\000e\000s\000t\000r\000u\000c\000t\000o\000r\000\040\000D\000o\000c\000u\000m\000e\000n\000t\000a\000t\000i\000o\000n}{section.4.1}% 8
\BOOKMARK [3][-]{subsubsection.4.1.1.1}{\376\377\0004\000.\0001\000.\0001\000.\0001\000\040\000D\000i\000s\000j\000o\000i\000n\000t\000S\000e\000t\000\050\000\051}{subsection.4.1.1}% 9
\BOOKMARK [2][-]{subsection.4.1.2}{\376\377\0004\000.\0001\000.\0002\000\040\000M\000e\000m\000b\000e\000r\000\040\000F\000u\000n\000c\000t\000i\000o\000n\000\040\000D\000o\000c\000u\000m\000e\000n\000t\000a\000t\000i\000o\000n}{section.4.1}% 10
\BOOKMARK [3][-]{subsubsection.4.1.2.1}{\376\377\0004\000.\0001\000.\0002\000.\0001\000\040\000q\000u\000e\000r\000y\000\050\000\051}{subsection.4.1.2}% 11
\BOOKMARK [3][-]{subsubsection.4.1.2.2}{\376\377\0004\000.\0001\000.\0002\000.\0002\000\040\000u\000n\000i\000o\000n\000S\000e\000t\000s\000\050\000\051}{subsection.4.1.2}% 12
\BOOKMARK [1][-]{section.4.2}{\376\377\0004\000.\0002\000\040\000E\000d\000g\000e\000\040\000S\000t\000r\000u\000c\000t\000\040\000R\000e\000f\000e\000r\000e\000n\000c\000e}{chapter.4}% 13
\BOOKMARK [2][-]{subsection.4.2.1}{\376\377\0004\000.\0002\000.\0001\000\040\000M\000e\000m\000b\000e\000r\000\040\000D\000a\000t\000a\000\040\000D\000o\000c\000u\000m\000e\000n\000t\000a\000t\000i\000o\000n}{section.4.2}% 14
\BOOKMARK [3][-]{subsubsection.4.2.1.1}{\376\377\0004\000.\0002\000.\0001\000.\0001\000\040\000c\000a\000p\000a\000c\000i\000t\000y}{subsection.4.2.1}% 15
\BOOKMARK [3][-]{subsubsection.4.2.1.2}{\376\377\0004\000.\0002\000.\0001\000.\0002\000\040\000d\000e\000s\000t\000i\000n\000a\000t\000i\000o\000n}{subsection.4.2.1}% 16
\BOOKMARK [3][-]{subsubsection.4.2.1.3}{\376\377\0004\000.\0002\000.\0001\000.\0003\000\040\000f\000i\000r\000s\000t\000D\000e\000p\000a\000r\000t\000u\000r\000e}{subsection.4.2.1}% 17
\BOOKMARK [3][-]{subsubsection.4.2.1.4}{\376\377\0004\000.\0002\000.\0001\000.\0004\000\040\000f\000l\000o\000w}{subsection.4.2.1}% 18
\BOOKMARK [3][-]{subsubsection.4.2.1.5}{\376\377\0004\000.\0002\000.\0001\000.\0005\000\040\000f\000r\000o\000m}{subsection.4.2.1}% 19
\BOOKMARK [3][-]{subsubsection.4.2.1.6}{\376\377\0004\000.\0002\000.\0001\000.\0006\000\040\000r\000e\000p\000e\000a\000t\000D\000e\000p\000a\000r\000t\000u\000r\000e\000s}{subsection.4.2.1}% 20
\BOOKMARK [3][-]{subsubsection.4.2.1.7}{\376\377\0004\000.\0002\000.\0001\000.\0007\000\040\000r\000e\000v\000e\000r\000s\000e}{subsection.4.2.1}% 21
\BOOKMARK [3][-]{subsubsection.4.2.1.8}{\376\377\0004\000.\0002\000.\0001\000.\0008\000\040\000t\000o}{subsection.4.2.1}% 22
\BOOKMARK [3][-]{subsubsection.4.2.1.9}{\376\377\0004\000.\0002\000.\0001\000.\0009\000\040\000t\000r\000a\000v\000e\000l\000T\000i\000m\000e}{subsection.4.2.1}% 23
\BOOKMARK [3][-]{subsubsection.4.2.1.10}{\376\377\0004\000.\0002\000.\0001\000.\0001\0000\000\040\000w\000e\000i\000g\000h\000t}{subsection.4.2.1}% 24
\BOOKMARK [1][-]{section.4.3}{\376\377\0004\000.\0003\000\040\000F\000e\000n\000w\000i\000c\000k\000T\000r\000e\000e\000\040\000C\000l\000a\000s\000s\000\040\000R\000e\000f\000e\000r\000e\000n\000c\000e}{chapter.4}% 25
\BOOKMARK [2][-]{subsection.4.3.1}{\376\377\0004\000.\0003\000.\0001\000\040\000C\000o\000n\000s\000t\000r\000u\000c\000t\000o\000r\000\040\000\046\000\040\000D\000e\000s\000t\000r\000u\000c\000t\000o\000r\000\040\000D\000o\000c\000u\000m\000e\000n\000t\000a\000t\000i\000o\000n}{section.4.3}% 26
\BOOKMARK [3][-]{subsubsection.4.3.1.1}{\376\377\0004\000.\0003\000.\0001\000.\0001\000\040\000F\000e\000n\000w\000i\000c\000k\000T\000r\000e\000e\000\050\000\051}{subsection.4.3.1}% 27
\BOOKMARK [3][-]{subsubsection.4.3.1.2}{\376\377\0004\000.\0003\000.\0001\000.\0002\000\040\000~\000F\000e\000n\000w\000i\000c\000k\000T\000r\000e\000e\000\050\000\051}{subsection.4.3.1}% 28
\BOOKMARK [2][-]{subsection.4.3.2}{\376\377\0004\000.\0003\000.\0002\000\040\000M\000e\000m\000b\000e\000r\000\040\000F\000u\000n\000c\000t\000i\000o\000n\000\040\000D\000o\000c\000u\000m\000e\000n\000t\000a\000t\000i\000o\000n}{section.4.3}% 29
\BOOKMARK [3][-]{subsubsection.4.3.2.1}{\376\377\0004\000.\0003\000.\0002\000.\0001\000\040\000Q\000u\000e\000r\000y\000\050\000\051}{subsection.4.3.2}% 30
\BOOKMARK [3][-]{subsubsection.4.3.2.2}{\376\377\0004\000.\0003\000.\0002\000.\0002\000\040\000U\000p\000d\000a\000t\000e\000\050\000\051}{subsection.4.3.2}% 31
\BOOKMARK [1][-]{section.4.4}{\376\377\0004\000.\0004\000\040\000P\000o\000i\000n\000t\000<\000\040\000T\000\040\000>\000\040\000S\000t\000r\000u\000c\000t\000\040\000T\000e\000m\000p\000l\000a\000t\000e\000\040\000R\000e\000f\000e\000r\000e\000n\000c\000e}{chapter.4}% 32
\BOOKMARK [2][-]{subsection.4.4.1}{\376\377\0004\000.\0004\000.\0001\000\040\000M\000e\000m\000b\000e\000r\000\040\000F\000u\000n\000c\000t\000i\000o\000n\000\040\000D\000o\000c\000u\000m\000e\000n\000t\000a\000t\000i\000o\000n}{section.4.4}% 33
\BOOKMARK [3][-]{subsubsection.4.4.1.1}{\376\377\0004\000.\0004\000.\0001\000.\0001\000\040\000l\000e\000n\000g\000t\000h\000\050\000\051}{subsection.4.4.1}% 34
\BOOKMARK [3][-]{subsubsection.4.4.1.2}{\376\377\0004\000.\0004\000.\0001\000.\0002\000\040\000l\000e\000n\000g\000t\000h\000S\000q\000u\000a\000r\000e\000d\000\050\000\051}{subsection.4.4.1}% 35
\BOOKMARK [3][-]{subsubsection.4.4.1.3}{\376\377\0004\000.\0004\000.\0001\000.\0003\000\040\000m\000a\000g\000n\000i\000t\000u\000d\000e\000\050\000\051}{subsection.4.4.1}% 36
\BOOKMARK [3][-]{subsubsection.4.4.1.4}{\376\377\0004\000.\0004\000.\0001\000.\0004\000\040\000m\000a\000g\000n\000i\000t\000u\000d\000e\000S\000q\000u\000a\000r\000e\000d\000\050\000\051}{subsection.4.4.1}% 37
\BOOKMARK [3][-]{subsubsection.4.4.1.5}{\376\377\0004\000.\0004\000.\0001\000.\0005\000\040\000o\000p\000e\000r\000a\000t\000o\000r\000!\000=\000\050\000\051}{subsection.4.4.1}% 38
\BOOKMARK [3][-]{subsubsection.4.4.1.6}{\376\377\0004\000.\0004\000.\0001\000.\0006\000\040\000o\000p\000e\000r\000a\000t\000o\000r\000+\000\050\000\051}{subsection.4.4.1}% 39
\BOOKMARK [3][-]{subsubsection.4.4.1.7}{\376\377\0004\000.\0004\000.\0001\000.\0007\000\040\000o\000p\000e\000r\000a\000t\000o\000r\000-\000\050\000\051}{subsection.4.4.1}% 40
\BOOKMARK [3][-]{subsubsection.4.4.1.8}{\376\377\0004\000.\0004\000.\0001\000.\0008\000\040\000o\000p\000e\000r\000a\000t\000o\000r\000=\000=\000\050\000\051}{subsection.4.4.1}% 41
\BOOKMARK [2][-]{subsection.4.4.2}{\376\377\0004\000.\0004\000.\0002\000\040\000M\000e\000m\000b\000e\000r\000\040\000D\000a\000t\000a\000\040\000D\000o\000c\000u\000m\000e\000n\000t\000a\000t\000i\000o\000n}{section.4.4}% 42
\BOOKMARK [3][-]{subsubsection.4.4.2.1}{\376\377\0004\000.\0004\000.\0002\000.\0001\000\040\000x}{subsection.4.4.2}% 43
\BOOKMARK [3][-]{subsubsection.4.4.2.2}{\376\377\0004\000.\0004\000.\0002\000.\0002\000\040\000y}{subsection.4.4.2}% 44
\BOOKMARK [1][-]{section.4.5}{\376\377\0004\000.\0005\000\040\000P\000r\000i\000m\000e\000\137\000S\000i\000e\000v\000e\000\040\000C\000l\000a\000s\000s\000\040\000R\000e\000f\000e\000r\000e\000n\000c\000e}{chapter.4}% 45
\BOOKMARK [2][-]{subsection.4.5.1}{\376\377\0004\000.\0005\000.\0001\000\040\000C\000o\000n\000s\000t\000r\000u\000c\000t\000o\000r\000\040\000\046\000\040\000D\000e\000s\000t\000r\000u\000c\000t\000o\000r\000\040\000D\000o\000c\000u\000m\000e\000n\000t\000a\000t\000i\000o\000n}{section.4.5}% 46
\BOOKMARK [3][-]{subsubsection.4.5.1.1}{\376\377\0004\000.\0005\000.\0001\000.\0001\000\040\000P\000r\000i\000m\000e\000\137\000S\000i\000e\000v\000e\000\050\000\051}{subsection.4.5.1}% 47
\BOOKMARK [2][-]{subsection.4.5.2}{\376\377\0004\000.\0005\000.\0002\000\040\000M\000e\000m\000b\000e\000r\000\040\000F\000u\000n\000c\000t\000i\000o\000n\000\040\000D\000o\000c\000u\000m\000e\000n\000t\000a\000t\000i\000o\000n}{section.4.5}% 48
\BOOKMARK [3][-]{subsubsection.4.5.2.1}{\376\377\0004\000.\0005\000.\0002\000.\0001\000\040\000g\000e\000t\000\137\000N\000u\000m\000b\000e\000r\000\137\000O\000f\000\137\000P\000r\000i\000m\000e\000s\000\050\000\051}{subsection.4.5.2}% 49
\BOOKMARK [3][-]{subsubsection.4.5.2.2}{\376\377\0004\000.\0005\000.\0002\000.\0002\000\040\000g\000e\000t\000\137\000P\000r\000i\000m\000e\000s\000\050\000\051}{subsection.4.5.2}% 50
\BOOKMARK [3][-]{subsubsection.4.5.2.3}{\376\377\0004\000.\0005\000.\0002\000.\0003\000\040\000i\000s\000\137\000P\000r\000i\000m\000e\000\050\000\051}{subsection.4.5.2}% 51
\BOOKMARK [1][-]{section.4.6}{\376\377\0004\000.\0006\000\040\000R\000a\000t\000i\000o\000n\000a\000l\000<\000\040\000T\000\040\000>\000\040\000S\000t\000r\000u\000c\000t\000\040\000T\000e\000m\000p\000l\000a\000t\000e\000\040\000R\000e\000f\000e\000r\000e\000n\000c\000e}{chapter.4}% 52
\BOOKMARK [2][-]{subsection.4.6.1}{\376\377\0004\000.\0006\000.\0001\000\040\000M\000e\000m\000b\000e\000r\000\040\000F\000u\000n\000c\000t\000i\000o\000n\000\040\000D\000o\000c\000u\000m\000e\000n\000t\000a\000t\000i\000o\000n}{section.4.6}% 53
\BOOKMARK [3][-]{subsubsection.4.6.1.1}{\376\377\0004\000.\0006\000.\0001\000.\0001\000\040\000n\000o\000r\000m\000a\000l\000i\000s\000e\000\050\000\051}{subsection.4.6.1}% 54
\BOOKMARK [3][-]{subsubsection.4.6.1.2}{\376\377\0004\000.\0006\000.\0001\000.\0002\000\040\000o\000p\000e\000r\000a\000t\000o\000r\000*\000\050\000\051}{subsection.4.6.1}% 55
\BOOKMARK [3][-]{subsubsection.4.6.1.3}{\376\377\0004\000.\0006\000.\0001\000.\0003\000\040\000o\000p\000e\000r\000a\000t\000o\000r\000+\000\050\000\051}{subsection.4.6.1}% 56
\BOOKMARK [3][-]{subsubsection.4.6.1.4}{\376\377\0004\000.\0006\000.\0001\000.\0004\000\040\000o\000p\000e\000r\000a\000t\000o\000r\000-\000\050\000\051}{subsection.4.6.1}% 57
\BOOKMARK [3][-]{subsubsection.4.6.1.5}{\376\377\0004\000.\0006\000.\0001\000.\0005\000\040\000o\000p\000e\000r\000a\000t\000o\000r\000/\000\050\000\051}{subsection.4.6.1}% 58
\BOOKMARK [2][-]{subsection.4.6.2}{\376\377\0004\000.\0006\000.\0002\000\040\000M\000e\000m\000b\000e\000r\000\040\000D\000a\000t\000a\000\040\000D\000o\000c\000u\000m\000e\000n\000t\000a\000t\000i\000o\000n}{section.4.6}% 59
\BOOKMARK [3][-]{subsubsection.4.6.2.1}{\376\377\0004\000.\0006\000.\0002\000.\0001\000\040\000d\000e\000n\000o\000m\000i\000n\000a\000t\000o\000r}{subsection.4.6.2}% 60
\BOOKMARK [3][-]{subsubsection.4.6.2.2}{\376\377\0004\000.\0006\000.\0002\000.\0002\000\040\000n\000u\000m\000e\000r\000a\000t\000o\000r}{subsection.4.6.2}% 61
\BOOKMARK [1][-]{section.4.7}{\376\377\0004\000.\0007\000\040\000S\000e\000g\000m\000e\000n\000t\000\137\000T\000r\000e\000e\000<\000\040\000T\000\040\000>\000\040\000C\000l\000a\000s\000s\000\040\000T\000e\000m\000p\000l\000a\000t\000e\000\040\000R\000e\000f\000e\000r\000e\000n\000c\000e}{chapter.4}% 62
\BOOKMARK [2][-]{subsection.4.7.1}{\376\377\0004\000.\0007\000.\0001\000\040\000C\000o\000n\000s\000t\000r\000u\000c\000t\000o\000r\000\040\000\046\000\040\000D\000e\000s\000t\000r\000u\000c\000t\000o\000r\000\040\000D\000o\000c\000u\000m\000e\000n\000t\000a\000t\000i\000o\000n}{section.4.7}% 63
\BOOKMARK [3][-]{subsubsection.4.7.1.1}{\376\377\0004\000.\0007\000.\0001\000.\0001\000\040\000S\000e\000g\000m\000e\000n\000t\000\137\000T\000r\000e\000e\000\050\000\051}{subsection.4.7.1}% 64
\BOOKMARK [2][-]{subsection.4.7.2}{\376\377\0004\000.\0007\000.\0002\000\040\000M\000e\000m\000b\000e\000r\000\040\000F\000u\000n\000c\000t\000i\000o\000n\000\040\000D\000o\000c\000u\000m\000e\000n\000t\000a\000t\000i\000o\000n}{section.4.7}% 65
\BOOKMARK [3][-]{subsubsection.4.7.2.1}{\376\377\0004\000.\0007\000.\0002\000.\0001\000\040\000Q\000u\000e\000r\000y\000\050\000\051}{subsection.4.7.2}% 66
\BOOKMARK [1][-]{section.4.8}{\376\377\0004\000.\0008\000\040\000S\000u\000f\000f\000i\000x\000A\000r\000r\000a\000y\000\040\000C\000l\000a\000s\000s\000\040\000R\000e\000f\000e\000r\000e\000n\000c\000e}{chapter.4}% 67
\BOOKMARK [2][-]{subsection.4.8.1}{\376\377\0004\000.\0008\000.\0001\000\040\000C\000o\000n\000s\000t\000r\000u\000c\000t\000o\000r\000\040\000\046\000\040\000D\000e\000s\000t\000r\000u\000c\000t\000o\000r\000\040\000D\000o\000c\000u\000m\000e\000n\000t\000a\000t\000i\000o\000n}{section.4.8}% 68
\BOOKMARK [3][-]{subsubsection.4.8.1.1}{\376\377\0004\000.\0008\000.\0001\000.\0001\000\040\000S\000u\000f\000f\000i\000x\000A\000r\000r\000a\000y\000\050\000\051}{subsection.4.8.1}% 69
\BOOKMARK [2][-]{subsection.4.8.2}{\376\377\0004\000.\0008\000.\0002\000\040\000M\000e\000m\000b\000e\000r\000\040\000F\000u\000n\000c\000t\000i\000o\000n\000\040\000D\000o\000c\000u\000m\000e\000n\000t\000a\000t\000i\000o\000n}{section.4.8}% 70
\BOOKMARK [3][-]{subsubsection.4.8.2.1}{\376\377\0004\000.\0008\000.\0002\000.\0001\000\040\000g\000e\000t\000S\000u\000f\000f\000i\000x\000\050\000\051}{subsection.4.8.2}% 71
\BOOKMARK [1][-]{section.4.9}{\376\377\0004\000.\0009\000\040\000T\000r\000i\000e\000A\000u\000t\000o\000m\000a\000t\000o\000n\000\040\000C\000l\000a\000s\000s\000\040\000R\000e\000f\000e\000r\000e\000n\000c\000e}{chapter.4}% 72
\BOOKMARK [2][-]{subsection.4.9.1}{\376\377\0004\000.\0009\000.\0001\000\040\000C\000o\000n\000s\000t\000r\000u\000c\000t\000o\000r\000\040\000\046\000\040\000D\000e\000s\000t\000r\000u\000c\000t\000o\000r\000\040\000D\000o\000c\000u\000m\000e\000n\000t\000a\000t\000i\000o\000n}{section.4.9}% 73
\BOOKMARK [3][-]{subsubsection.4.9.1.1}{\376\377\0004\000.\0009\000.\0001\000.\0001\000\040\000T\000r\000i\000e\000A\000u\000t\000o\000m\000a\000t\000o\000n\000\050\000\051}{subsection.4.9.1}% 74
\BOOKMARK [3][-]{subsubsection.4.9.1.2}{\376\377\0004\000.\0009\000.\0001\000.\0002\000\040\000~\000T\000r\000i\000e\000A\000u\000t\000o\000m\000a\000t\000o\000n\000\050\000\051}{subsection.4.9.1}% 75
\BOOKMARK [2][-]{subsection.4.9.2}{\376\377\0004\000.\0009\000.\0002\000\040\000M\000e\000m\000b\000e\000r\000\040\000F\000u\000n\000c\000t\000i\000o\000n\000\040\000D\000o\000c\000u\000m\000e\000n\000t\000a\000t\000i\000o\000n}{section.4.9}% 76
\BOOKMARK [3][-]{subsubsection.4.9.2.1}{\376\377\0004\000.\0009\000.\0002\000.\0001\000\040\000a\000d\000d\000\137\000s\000t\000r\000i\000n\000g\000\050\000\051}{subsection.4.9.2}% 77
\BOOKMARK [3][-]{subsubsection.4.9.2.2}{\376\377\0004\000.\0009\000.\0002\000.\0002\000\040\000c\000o\000n\000s\000t\000r\000u\000c\000t\000\137\000a\000u\000t\000o\000m\000a\000t\000o\000n\000\050\000\051}{subsection.4.9.2}% 78
\BOOKMARK [3][-]{subsubsection.4.9.2.3}{\376\377\0004\000.\0009\000.\0002\000.\0003\000\040\000s\000e\000a\000r\000c\000h\000\050\000\051}{subsection.4.9.2}% 79
\BOOKMARK [0][-]{chapter.5}{\376\377\0005\000\040\000F\000i\000l\000e\000\040\000D\000o\000c\000u\000m\000e\000n\000t\000a\000t\000i\000o\000n}{}% 80
\BOOKMARK [1][-]{section.5.1}{\376\377\0005\000.\0001\000\040\000A\000r\000i\000t\000h\000m\000e\000t\000i\000c\000/\000C\000h\000i\000n\000e\000s\000e\000-\000R\000e\000m\000a\000i\000n\000d\000e\000r\000-\000T\000h\000e\000o\000r\000e\000m\000/\000C\000h\000i\000n\000e\000s\000e\000\137\000R\000e\000m\000a\000i\000n\000d\000e\000r\000.\000h\000p\000p\000\040\000F\000i\000l\000e\000\040\000R\000e\000f\000e\000r\000e\000n\000c\000e}{chapter.5}% 81
\BOOKMARK [2][-]{subsection.5.1.1}{\376\377\0005\000.\0001\000.\0001\000\040\000F\000u\000n\000c\000t\000i\000o\000n\000\040\000D\000o\000c\000u\000m\000e\000n\000t\000a\000t\000i\000o\000n}{section.5.1}% 82
\BOOKMARK [3][-]{subsubsection.5.1.1.1}{\376\377\0005\000.\0001\000.\0001\000.\0001\000\040\000S\000o\000l\000v\000e\000\137\000S\000y\000s\000t\000e\000m\000\137\000O\000f\000\137\000C\000o\000n\000g\000r\000u\000e\000n\000c\000i\000e\000s\000\050\000\051}{subsection.5.1.1}% 83
\BOOKMARK [1][-]{section.5.2}{\376\377\0005\000.\0002\000\040\000C\000h\000i\000n\000e\000s\000e\000\137\000R\000e\000m\000a\000i\000n\000d\000e\000r\000.\000h\000p\000p}{chapter.5}% 84
\BOOKMARK [1][-]{section.5.3}{\376\377\0005\000.\0003\000\040\000A\000r\000i\000t\000h\000m\000e\000t\000i\000c\000/\000M\000o\000d\000u\000l\000a\000r\000-\000A\000r\000i\000t\000h\000m\000e\000t\000i\000c\000/\000m\000o\000d\000u\000l\000a\000r\000.\000h\000p\000p\000\040\000F\000i\000l\000e\000\040\000R\000e\000f\000e\000r\000e\000n\000c\000e}{chapter.5}% 85
\BOOKMARK [2][-]{subsection.5.3.1}{\376\377\0005\000.\0003\000.\0001\000\040\000T\000y\000p\000e\000d\000e\000f\000\040\000D\000o\000c\000u\000m\000e\000n\000t\000a\000t\000i\000o\000n}{section.5.3}% 86
\BOOKMARK [3][-]{subsubsection.5.3.1.1}{\376\377\0005\000.\0003\000.\0001\000.\0001\000\040\000i\0001\0002\0008}{subsection.5.3.1}% 87
\BOOKMARK [3][-]{subsubsection.5.3.1.2}{\376\377\0005\000.\0003\000.\0001\000.\0002\000\040\000l\000l}{subsection.5.3.1}% 88
\BOOKMARK [3][-]{subsubsection.5.3.1.3}{\376\377\0005\000.\0003\000.\0001\000.\0003\000\040\000u\0001\0002\0008}{subsection.5.3.1}% 89
\BOOKMARK [3][-]{subsubsection.5.3.1.4}{\376\377\0005\000.\0003\000.\0001\000.\0004\000\040\000u\000l\000l}{subsection.5.3.1}% 90
\BOOKMARK [2][-]{subsection.5.3.2}{\376\377\0005\000.\0003\000.\0002\000\040\000F\000u\000n\000c\000t\000i\000o\000n\000\040\000D\000o\000c\000u\000m\000e\000n\000t\000a\000t\000i\000o\000n}{section.5.3}% 91
\BOOKMARK [3][-]{subsubsection.5.3.2.1}{\376\377\0005\000.\0003\000.\0002\000.\0001\000\040\000g\000c\000d\000\050\000\051}{subsection.5.3.2}% 92
\BOOKMARK [3][-]{subsubsection.5.3.2.2}{\376\377\0005\000.\0003\000.\0002\000.\0002\000\040\000m\000o\000d\000\050\000\051}{subsection.5.3.2}% 93
\BOOKMARK [3][-]{subsubsection.5.3.2.3}{\376\377\0005\000.\0003\000.\0002\000.\0003\000\040\000m\000o\000d\000A\000d\000d\000\050\000\051}{subsection.5.3.2}% 94
\BOOKMARK [3][-]{subsubsection.5.3.2.4}{\376\377\0005\000.\0003\000.\0002\000.\0004\000\040\000m\000o\000d\000D\000i\000v\000\050\000\051}{subsection.5.3.2}% 95
\BOOKMARK [3][-]{subsubsection.5.3.2.5}{\376\377\0005\000.\0003\000.\0002\000.\0005\000\040\000m\000o\000d\000I\000n\000v\000e\000r\000s\000e\000\050\000\051}{subsection.5.3.2}% 96
\BOOKMARK [3][-]{subsubsection.5.3.2.6}{\376\377\0005\000.\0003\000.\0002\000.\0006\000\040\000m\000o\000d\000M\000u\000l\000t\000\050\000\051}{subsection.5.3.2}% 97
\BOOKMARK [3][-]{subsubsection.5.3.2.7}{\376\377\0005\000.\0003\000.\0002\000.\0007\000\040\000m\000o\000d\000S\000u\000b\000\050\000\051}{subsection.5.3.2}% 98
\BOOKMARK [1][-]{section.5.4}{\376\377\0005\000.\0004\000\040\000m\000o\000d\000u\000l\000a\000r\000.\000h\000p\000p}{chapter.5}% 99
\BOOKMARK [1][-]{section.5.5}{\376\377\0005\000.\0005\000\040\000A\000r\000i\000t\000h\000m\000e\000t\000i\000c\000/\000R\000a\000t\000i\000o\000n\000a\000l\000\040\000a\000r\000i\000t\000h\000m\000e\000t\000i\000c\000/\000r\000a\000t\000i\000o\000n\000a\000l\000.\000h\000p\000p\000\040\000F\000i\000l\000e\000\040\000R\000e\000f\000e\000r\000e\000n\000c\000e}{chapter.5}% 100
\BOOKMARK [2][-]{subsection.5.5.1}{\376\377\0005\000.\0005\000.\0001\000\040\000F\000u\000n\000c\000t\000i\000o\000n\000\040\000D\000o\000c\000u\000m\000e\000n\000t\000a\000t\000i\000o\000n}{section.5.5}% 101
\BOOKMARK [3][-]{subsubsection.5.5.1.1}{\376\377\0005\000.\0005\000.\0001\000.\0001\000\040\000g\000c\000d\000\050\000\051}{subsection.5.5.1}% 102
\BOOKMARK [3][-]{subsubsection.5.5.1.2}{\376\377\0005\000.\0005\000.\0001\000.\0002\000\040\000o\000p\000e\000r\000a\000t\000o\000r\000<\000<\000\050\000\051}{subsection.5.5.1}% 103
\BOOKMARK [3][-]{subsubsection.5.5.1.3}{\376\377\0005\000.\0005\000.\0001\000.\0003\000\040\000o\000p\000e\000r\000a\000t\000o\000r\000>\000>\000\050\000\051}{subsection.5.5.1}% 104
\BOOKMARK [1][-]{section.5.6}{\376\377\0005\000.\0006\000\040\000r\000a\000t\000i\000o\000n\000a\000l\000.\000h\000p\000p}{chapter.5}% 105
\BOOKMARK [1][-]{section.5.7}{\376\377\0005\000.\0007\000\040\000D\000a\000t\000a\000\137\000S\000t\000r\000u\000c\000t\000u\000r\000e\000s\000/\000D\000i\000s\000j\000o\000i\000n\000t\000\137\000S\000e\000t\000/\000D\000i\000s\000j\000o\000i\000n\000t\000S\000e\000t\000.\000h\000p\000p\000\040\000F\000i\000l\000e\000\040\000R\000e\000f\000e\000r\000e\000n\000c\000e}{chapter.5}% 106
\BOOKMARK [1][-]{section.5.8}{\376\377\0005\000.\0008\000\040\000D\000i\000s\000j\000o\000i\000n\000t\000S\000e\000t\000.\000h\000p\000p}{chapter.5}% 107
\BOOKMARK [1][-]{section.5.9}{\376\377\0005\000.\0009\000\040\000D\000a\000t\000a\000\137\000S\000t\000r\000u\000c\000t\000u\000r\000e\000s\000/\000F\000e\000n\000w\000i\000c\000k\000T\000r\000e\000e\000/\000F\000e\000n\000w\000i\000c\000k\000T\000r\000e\000e\000.\000h\000p\000p\000\040\000F\000i\000l\000e\000\040\000R\000e\000f\000e\000r\000e\000n\000c\000e}{chapter.5}% 108
\BOOKMARK [1][-]{section.5.10}{\376\377\0005\000.\0001\0000\000\040\000F\000e\000n\000w\000i\000c\000k\000T\000r\000e\000e\000.\000h\000p\000p}{chapter.5}% 109
\BOOKMARK [1][-]{section.5.11}{\376\377\0005\000.\0001\0001\000\040\000D\000a\000t\000a\000\137\000S\000t\000r\000u\000c\000t\000u\000r\000e\000s\000/\000S\000e\000g\000m\000e\000n\000t\000\137\000T\000r\000e\000e\000/\000S\000e\000g\000m\000e\000n\000t\000\137\000T\000r\000e\000e\000.\000h\000p\000p\000\040\000F\000i\000l\000e\000\040\000R\000e\000f\000e\000r\000e\000n\000c\000e}{chapter.5}% 110
\BOOKMARK [1][-]{section.5.12}{\376\377\0005\000.\0001\0002\000\040\000S\000e\000g\000m\000e\000n\000t\000\137\000T\000r\000e\000e\000.\000h\000p\000p}{chapter.5}% 111
\BOOKMARK [1][-]{section.5.13}{\376\377\0005\000.\0001\0003\000\040\000G\000e\000o\000m\000e\000t\000r\000y\000/\000C\000o\000n\000v\000e\000x\000\137\000H\000u\000l\000l\000/\000C\000o\000n\000v\000e\000x\000\137\000H\000u\000l\000l\000.\000h\000p\000p\000\040\000F\000i\000l\000e\000\040\000R\000e\000f\000e\000r\000e\000n\000c\000e}{chapter.5}% 112
\BOOKMARK [2][-]{subsection.5.13.1}{\376\377\0005\000.\0001\0003\000.\0001\000\040\000F\000u\000n\000c\000t\000i\000o\000n\000\040\000D\000o\000c\000u\000m\000e\000n\000t\000a\000t\000i\000o\000n}{section.5.13}% 113
\BOOKMARK [3][-]{subsubsection.5.13.1.1}{\376\377\0005\000.\0001\0003\000.\0001\000.\0001\000\040\000c\000o\000n\000v\000e\000x\000\137\000h\000u\000l\000l\000\050\000\051}{subsection.5.13.1}% 114
\BOOKMARK [1][-]{section.5.14}{\376\377\0005\000.\0001\0004\000\040\000C\000o\000n\000v\000e\000x\000\137\000H\000u\000l\000l\000.\000h\000p\000p}{chapter.5}% 115
\BOOKMARK [1][-]{section.5.15}{\376\377\0005\000.\0001\0005\000\040\000G\000e\000o\000m\000e\000t\000r\000y\000/\000I\000n\000s\000i\000d\000e\000\137\000P\000o\000l\000y\000g\000o\000n\000/\000I\000n\000s\000i\000d\000e\000.\000h\000p\000p\000\040\000F\000i\000l\000e\000\040\000R\000e\000f\000e\000r\000e\000n\000c\000e}{chapter.5}% 116
\BOOKMARK [2][-]{subsection.5.15.1}{\376\377\0005\000.\0001\0005\000.\0001\000\040\000E\000n\000u\000m\000e\000r\000a\000t\000i\000o\000n\000\040\000T\000y\000p\000e\000\040\000D\000o\000c\000u\000m\000e\000n\000t\000a\000t\000i\000o\000n}{section.5.15}% 117
\BOOKMARK [3][-]{subsubsection.5.15.1.1}{\376\377\0005\000.\0001\0005\000.\0001\000.\0001\000\040\000S\000t\000a\000t\000u\000s}{subsection.5.15.1}% 118
\BOOKMARK [2][-]{subsection.5.15.2}{\376\377\0005\000.\0001\0005\000.\0002\000\040\000F\000u\000n\000c\000t\000i\000o\000n\000\040\000D\000o\000c\000u\000m\000e\000n\000t\000a\000t\000i\000o\000n}{section.5.15}% 119
\BOOKMARK [3][-]{subsubsection.5.15.2.1}{\376\377\0005\000.\0001\0005\000.\0002\000.\0001\000\040\000i\000n\000s\000i\000d\000e\000\137\000p\000o\000l\000y\000\050\000\051}{subsection.5.15.2}% 120
\BOOKMARK [3][-]{subsubsection.5.15.2.2}{\376\377\0005\000.\0001\0005\000.\0002\000.\0002\000\040\000m\000y\000A\000b\000s\000\050\000\051}{subsection.5.15.2}% 121
\BOOKMARK [3][-]{subsubsection.5.15.2.3}{\376\377\0005\000.\0001\0005\000.\0002\000.\0003\000\040\000o\000n\000S\000e\000g\000m\000e\000n\000t\000\050\000\051}{subsection.5.15.2}% 122
\BOOKMARK [1][-]{section.5.16}{\376\377\0005\000.\0001\0006\000\040\000I\000n\000s\000i\000d\000e\000.\000h\000p\000p}{chapter.5}% 123
\BOOKMARK [1][-]{section.5.17}{\376\377\0005\000.\0001\0007\000\040\000G\000e\000o\000m\000e\000t\000r\000y\000/\000L\000i\000n\000e\000\137\000I\000n\000t\000e\000r\000s\000e\000c\000t\000i\000o\000n\000/\000i\000n\000t\000e\000r\000s\000e\000c\000t\000i\000o\000n\000.\000h\000p\000p\000\040\000F\000i\000l\000e\000\040\000R\000e\000f\000e\000r\000e\000n\000c\000e}{chapter.5}% 124
\BOOKMARK [2][-]{subsection.5.17.1}{\376\377\0005\000.\0001\0007\000.\0001\000\040\000F\000u\000n\000c\000t\000i\000o\000n\000\040\000D\000o\000c\000u\000m\000e\000n\000t\000a\000t\000i\000o\000n}{section.5.17}% 125
\BOOKMARK [3][-]{subsubsection.5.17.1.1}{\376\377\0005\000.\0001\0007\000.\0001\000.\0001\000\040\000l\000i\000n\000e\000\137\000i\000n\000t\000e\000r\000s\000e\000c\000t\000i\000o\000n\000\050\000\051}{subsection.5.17.1}% 126
\BOOKMARK [1][-]{section.5.18}{\376\377\0005\000.\0001\0008\000\040\000i\000n\000t\000e\000r\000s\000e\000c\000t\000i\000o\000n\000.\000h\000p\000p}{chapter.5}% 127
\BOOKMARK [1][-]{section.5.19}{\376\377\0005\000.\0001\0009\000\040\000G\000e\000o\000m\000e\000t\000r\000y\000/\000P\000o\000i\000n\000t\000s\000/\000P\000o\000i\000n\000t\000s\000.\000h\000p\000p\000\040\000F\000i\000l\000e\000\040\000R\000e\000f\000e\000r\000e\000n\000c\000e}{chapter.5}% 128
\BOOKMARK [2][-]{subsection.5.19.1}{\376\377\0005\000.\0001\0009\000.\0001\000\040\000F\000u\000n\000c\000t\000i\000o\000n\000\040\000D\000o\000c\000u\000m\000e\000n\000t\000a\000t\000i\000o\000n}{section.5.19}% 129
\BOOKMARK [3][-]{subsubsection.5.19.1.1}{\376\377\0005\000.\0001\0009\000.\0001\000.\0001\000\040\000a\000d\000d\000\050\000\051}{subsection.5.19.1}% 130
\BOOKMARK [3][-]{subsubsection.5.19.1.2}{\376\377\0005\000.\0001\0009\000.\0001\000.\0002\000\040\000a\000n\000g\000l\000e\000\050\000\051}{subsection.5.19.1}% 131
\BOOKMARK [3][-]{subsubsection.5.19.1.3}{\376\377\0005\000.\0001\0009\000.\0001\000.\0003\000\040\000c\000r\000o\000s\000s\000\137\000p\000r\000o\000d\000u\000c\000t\000\050\000\051}{subsection.5.19.1}% 132
\BOOKMARK [3][-]{subsubsection.5.19.1.4}{\376\377\0005\000.\0001\0009\000.\0001\000.\0004\000\040\000d\000i\000s\000t\000\050\000\051}{subsection.5.19.1}% 133
\BOOKMARK [3][-]{subsubsection.5.19.1.5}{\376\377\0005\000.\0001\0009\000.\0001\000.\0005\000\040\000d\000i\000s\000t\000S\000q\000u\000a\000r\000e\000d\000\050\000\051}{subsection.5.19.1}% 134
\BOOKMARK [3][-]{subsubsection.5.19.1.6}{\376\377\0005\000.\0001\0009\000.\0001\000.\0006\000\040\000d\000o\000t\000\137\000p\000r\000o\000d\000u\000c\000t\000\050\000\051}{subsection.5.19.1}% 135
\BOOKMARK [3][-]{subsubsection.5.19.1.7}{\376\377\0005\000.\0001\0009\000.\0001\000.\0007\000\040\000i\000n\000t\000e\000r\000s\000e\000c\000t\000\050\000\051}{subsection.5.19.1}% 136
\BOOKMARK [3][-]{subsubsection.5.19.1.8}{\376\377\0005\000.\0001\0009\000.\0001\000.\0008\000\040\000l\000e\000n\000g\000t\000h\000\050\000\051}{subsection.5.19.1}% 137
\BOOKMARK [3][-]{subsubsection.5.19.1.9}{\376\377\0005\000.\0001\0009\000.\0001\000.\0009\000\040\000l\000e\000n\000g\000t\000h\000S\000q\000u\000a\000r\000e\000d\000\050\000\051}{subsection.5.19.1}% 138
\BOOKMARK [3][-]{subsubsection.5.19.1.10}{\376\377\0005\000.\0001\0009\000.\0001\000.\0001\0000\000\040\000o\000p\000e\000r\000a\000t\000o\000r\000<\000<\000\050\000\051}{subsection.5.19.1}% 139
\BOOKMARK [3][-]{subsubsection.5.19.1.11}{\376\377\0005\000.\0001\0009\000.\0001\000.\0001\0001\000\040\000o\000p\000e\000r\000a\000t\000o\000r\000>\000>\000\050\000\051}{subsection.5.19.1}% 140
\BOOKMARK [3][-]{subsubsection.5.19.1.12}{\376\377\0005\000.\0001\0009\000.\0001\000.\0001\0002\000\040\000s\000c\000a\000l\000a\000r\000\137\000m\000u\000l\000t\000i\000p\000l\000i\000c\000a\000t\000i\000o\000n\000\050\000\051}{subsection.5.19.1}% 141
\BOOKMARK [3][-]{subsubsection.5.19.1.13}{\376\377\0005\000.\0001\0009\000.\0001\000.\0001\0003\000\040\000s\000i\000m\000p\000l\000e\000\137\000p\000o\000l\000y\000g\000o\000n\000\050\000\051}{subsection.5.19.1}% 142
\BOOKMARK [3][-]{subsubsection.5.19.1.14}{\376\377\0005\000.\0001\0009\000.\0001\000.\0001\0004\000\040\000s\000u\000b\000t\000r\000a\000c\000t\000\050\000\051}{subsection.5.19.1}% 143
\BOOKMARK [1][-]{section.5.20}{\376\377\0005\000.\0002\0000\000\040\000P\000o\000i\000n\000t\000s\000.\000h\000p\000p}{chapter.5}% 144
\BOOKMARK [1][-]{section.5.21}{\376\377\0005\000.\0002\0001\000\040\000G\000e\000o\000m\000e\000t\000r\000y\000/\000P\000o\000l\000y\000g\000o\000n\000\137\000A\000r\000e\000a\000/\000A\000r\000e\000a\000.\000h\000p\000p\000\040\000F\000i\000l\000e\000\040\000R\000e\000f\000e\000r\000e\000n\000c\000e}{chapter.5}% 145
\BOOKMARK [2][-]{subsection.5.21.1}{\376\377\0005\000.\0002\0001\000.\0001\000\040\000F\000u\000n\000c\000t\000i\000o\000n\000\040\000D\000o\000c\000u\000m\000e\000n\000t\000a\000t\000i\000o\000n}{section.5.21}% 146
\BOOKMARK [3][-]{subsubsection.5.21.1.1}{\376\377\0005\000.\0002\0001\000.\0001\000.\0001\000\040\000P\000o\000l\000y\000g\000o\000n\000\137\000a\000r\000e\000a\000\050\000\051}{subsection.5.21.1}% 147
\BOOKMARK [1][-]{section.5.22}{\376\377\0005\000.\0002\0002\000\040\000A\000r\000e\000a\000.\000h\000p\000p}{chapter.5}% 148
\BOOKMARK [1][-]{section.5.23}{\376\377\0005\000.\0002\0003\000\040\000G\000r\000a\000p\000h\000s\000/\000B\000e\000l\000l\000m\000a\000n\000\137\000F\000o\000r\000d\000/\000B\000e\000l\000l\000m\000a\000n\000\137\000F\000o\000r\000d\000.\000h\000p\000p\000\040\000F\000i\000l\000e\000\040\000R\000e\000f\000e\000r\000e\000n\000c\000e}{chapter.5}% 149
\BOOKMARK [2][-]{subsection.5.23.1}{\376\377\0005\000.\0002\0003\000.\0001\000\040\000F\000u\000n\000c\000t\000i\000o\000n\000\040\000D\000o\000c\000u\000m\000e\000n\000t\000a\000t\000i\000o\000n}{section.5.23}% 150
\BOOKMARK [3][-]{subsubsection.5.23.1.1}{\376\377\0005\000.\0002\0003\000.\0001\000.\0001\000\040\000B\000e\000l\000l\000m\000a\000n\000\137\000F\000o\000r\000d\000\050\000\051}{subsection.5.23.1}% 151
\BOOKMARK [2][-]{subsection.5.23.2}{\376\377\0005\000.\0002\0003\000.\0002\000\040\000V\000a\000r\000i\000a\000b\000l\000e\000\040\000D\000o\000c\000u\000m\000e\000n\000t\000a\000t\000i\000o\000n}{section.5.23}% 152
\BOOKMARK [3][-]{subsubsection.5.23.2.1}{\376\377\0005\000.\0002\0003\000.\0002\000.\0001\000\040\000i\000n\000f}{subsection.5.23.2}% 153
\BOOKMARK [3][-]{subsubsection.5.23.2.2}{\376\377\0005\000.\0002\0003\000.\0002\000.\0002\000\040\000n\000e\000g\000I\000n\000f}{subsection.5.23.2}% 154
\BOOKMARK [1][-]{section.5.24}{\376\377\0005\000.\0002\0004\000\040\000B\000e\000l\000l\000m\000a\000n\000\137\000F\000o\000r\000d\000.\000h\000p\000p}{chapter.5}% 155
\BOOKMARK [1][-]{section.5.25}{\376\377\0005\000.\0002\0005\000\040\000G\000r\000a\000p\000h\000s\000/\000D\000i\000j\000k\000s\000t\000r\000a\000/\000s\000h\000o\000r\000t\000e\000s\000t\000\137\000p\000a\000t\000h\000.\000h\000p\000p\000\040\000F\000i\000l\000e\000\040\000R\000e\000f\000e\000r\000e\000n\000c\000e}{chapter.5}% 156
\BOOKMARK [2][-]{subsection.5.25.1}{\376\377\0005\000.\0002\0005\000.\0001\000\040\000M\000a\000c\000r\000o\000\040\000D\000e\000f\000i\000n\000i\000t\000i\000o\000n\000\040\000D\000o\000c\000u\000m\000e\000n\000t\000a\000t\000i\000o\000n}{section.5.25}% 157
\BOOKMARK [3][-]{subsubsection.5.25.1.1}{\376\377\0005\000.\0002\0005\000.\0001\000.\0001\000\040\000d\000i\000s\000t\000a\000n\000c\000e}{subsection.5.25.1}% 158
\BOOKMARK [3][-]{subsubsection.5.25.1.2}{\376\377\0005\000.\0002\0005\000.\0001\000.\0002\000\040\000n\000o\000d\000e}{subsection.5.25.1}% 159
\BOOKMARK [3][-]{subsubsection.5.25.1.3}{\376\377\0005\000.\0002\0005\000.\0001\000.\0003\000\040\000p\000a\000r\000e\000n\000t}{subsection.5.25.1}% 160
\BOOKMARK [3][-]{subsubsection.5.25.1.4}{\376\377\0005\000.\0002\0005\000.\0001\000.\0004\000\040\000w\000e\000i\000g\000h\000t}{subsection.5.25.1}% 161
\BOOKMARK [2][-]{subsection.5.25.2}{\376\377\0005\000.\0002\0005\000.\0002\000\040\000T\000y\000p\000e\000d\000e\000f\000\040\000D\000o\000c\000u\000m\000e\000n\000t\000a\000t\000i\000o\000n}{section.5.25}% 162
\BOOKMARK [3][-]{subsubsection.5.25.2.1}{\376\377\0005\000.\0002\0005\000.\0002\000.\0001\000\040\000u\000l\000l}{subsection.5.25.2}% 163
\BOOKMARK [2][-]{subsection.5.25.3}{\376\377\0005\000.\0002\0005\000.\0003\000\040\000F\000u\000n\000c\000t\000i\000o\000n\000\040\000D\000o\000c\000u\000m\000e\000n\000t\000a\000t\000i\000o\000n}{section.5.25}% 164
\BOOKMARK [3][-]{subsubsection.5.25.3.1}{\376\377\0005\000.\0002\0005\000.\0003\000.\0001\000\040\000d\000i\000j\000k\000s\000t\000r\000a\000\137\000s\000h\000o\000r\000t\000e\000s\000t\000\137\000p\000a\000t\000h\000\050\000\051}{subsection.5.25.3}% 165
\BOOKMARK [1][-]{section.5.26}{\376\377\0005\000.\0002\0006\000\040\000s\000h\000o\000r\000t\000e\000s\000t\000\137\000p\000a\000t\000h\000.\000h\000p\000p}{chapter.5}% 166
\BOOKMARK [1][-]{section.5.27}{\376\377\0005\000.\0002\0007\000\040\000G\000r\000a\000p\000h\000s\000/\000D\000i\000j\000k\000s\000t\000r\000a\000\137\000T\000i\000m\000e\000\137\000T\000a\000b\000l\000e\000/\000s\000h\000o\000r\000t\000e\000s\000t\000\137\000p\000a\000t\000h\000\137\000t\000i\000m\000e\000\137\000t\000a\000b\000l\000e\000.\000h\000p\000p\000\040\000F\000i\000l\000e\000\040\000R\000e\000f\000e\000r\000e\000n\000c\000e}{chapter.5}% 167
\BOOKMARK [2][-]{subsection.5.27.1}{\376\377\0005\000.\0002\0007\000.\0001\000\040\000M\000a\000c\000r\000o\000\040\000D\000e\000f\000i\000n\000i\000t\000i\000o\000n\000\040\000D\000o\000c\000u\000m\000e\000n\000t\000a\000t\000i\000o\000n}{section.5.27}% 168
\BOOKMARK [3][-]{subsubsection.5.27.1.1}{\376\377\0005\000.\0002\0007\000.\0001\000.\0001\000\040\000d\000i\000s\000t\000a\000n\000c\000e}{subsection.5.27.1}% 169
\BOOKMARK [3][-]{subsubsection.5.27.1.2}{\376\377\0005\000.\0002\0007\000.\0001\000.\0002\000\040\000n\000o\000d\000e}{subsection.5.27.1}% 170
\BOOKMARK [3][-]{subsubsection.5.27.1.3}{\376\377\0005\000.\0002\0007\000.\0001\000.\0003\000\040\000p\000a\000r\000e\000n\000t}{subsection.5.27.1}% 171
\BOOKMARK [3][-]{subsubsection.5.27.1.4}{\376\377\0005\000.\0002\0007\000.\0001\000.\0004\000\040\000w\000e\000i\000g\000h\000t}{subsection.5.27.1}% 172
\BOOKMARK [2][-]{subsection.5.27.2}{\376\377\0005\000.\0002\0007\000.\0002\000\040\000T\000y\000p\000e\000d\000e\000f\000\040\000D\000o\000c\000u\000m\000e\000n\000t\000a\000t\000i\000o\000n}{section.5.27}% 173
\BOOKMARK [3][-]{subsubsection.5.27.2.1}{\376\377\0005\000.\0002\0007\000.\0002\000.\0001\000\040\000u\000l\000l}{subsection.5.27.2}% 174
\BOOKMARK [2][-]{subsection.5.27.3}{\376\377\0005\000.\0002\0007\000.\0003\000\040\000F\000u\000n\000c\000t\000i\000o\000n\000\040\000D\000o\000c\000u\000m\000e\000n\000t\000a\000t\000i\000o\000n}{section.5.27}% 175
\BOOKMARK [3][-]{subsubsection.5.27.3.1}{\376\377\0005\000.\0002\0007\000.\0003\000.\0001\000\040\000d\000i\000j\000k\000s\000t\000r\000a\000\137\000s\000h\000o\000r\000t\000e\000s\000t\000\137\000p\000a\000t\000h\000\137\000t\000i\000m\000e\000\137\000t\000a\000b\000l\000e\000\050\000\051}{subsection.5.27.3}% 176
\BOOKMARK [1][-]{section.5.28}{\376\377\0005\000.\0002\0008\000\040\000s\000h\000o\000r\000t\000e\000s\000t\000\137\000p\000a\000t\000h\000\137\000t\000i\000m\000e\000\137\000t\000a\000b\000l\000e\000.\000h\000p\000p}{chapter.5}% 177
\BOOKMARK [1][-]{section.5.29}{\376\377\0005\000.\0002\0009\000\040\000G\000r\000a\000p\000h\000s\000/\000E\000u\000l\000e\000r\000i\000a\000n\000\137\000P\000a\000t\000h\000/\000E\000u\000l\000e\000r\000i\000a\000n\000\137\000P\000a\000t\000h\000.\000h\000p\000p\000\040\000F\000i\000l\000e\000\040\000R\000e\000f\000e\000r\000e\000n\000c\000e}{chapter.5}% 178
\BOOKMARK [2][-]{subsection.5.29.1}{\376\377\0005\000.\0002\0009\000.\0001\000\040\000F\000u\000n\000c\000t\000i\000o\000n\000\040\000D\000o\000c\000u\000m\000e\000n\000t\000a\000t\000i\000o\000n}{section.5.29}% 179
\BOOKMARK [3][-]{subsubsection.5.29.1.1}{\376\377\0005\000.\0002\0009\000.\0001\000.\0001\000\040\000E\000u\000l\000e\000r\000i\000a\000n\000\137\000P\000a\000t\000h\000\137\000D\000i\000r\000e\000c\000t\000e\000d\000\050\000\051}{subsection.5.29.1}% 180
\BOOKMARK [3][-]{subsubsection.5.29.1.2}{\376\377\0005\000.\0002\0009\000.\0001\000.\0002\000\040\000E\000u\000l\000e\000r\000i\000a\000n\000\137\000P\000a\000t\000h\000\137\000U\000n\000d\000i\000r\000e\000c\000t\000e\000d\000\050\000\051}{subsection.5.29.1}% 181
\BOOKMARK [1][-]{section.5.30}{\376\377\0005\000.\0003\0000\000\040\000E\000u\000l\000e\000r\000i\000a\000n\000\137\000P\000a\000t\000h\000.\000h\000p\000p}{chapter.5}% 182
\BOOKMARK [1][-]{section.5.31}{\376\377\0005\000.\0003\0001\000\040\000G\000r\000a\000p\000h\000s\000/\000F\000l\000o\000y\000d\000\137\000W\000a\000r\000h\000s\000a\000l\000l\000/\000f\000l\000o\000y\000d\000\137\000w\000a\000r\000s\000h\000a\000l\000l\000.\000h\000p\000p\000\040\000F\000i\000l\000e\000\040\000R\000e\000f\000e\000r\000e\000n\000c\000e}{chapter.5}% 183
\BOOKMARK [2][-]{subsection.5.31.1}{\376\377\0005\000.\0003\0001\000.\0001\000\040\000F\000u\000n\000c\000t\000i\000o\000n\000\040\000D\000o\000c\000u\000m\000e\000n\000t\000a\000t\000i\000o\000n}{section.5.31}% 184
\BOOKMARK [3][-]{subsubsection.5.31.1.1}{\376\377\0005\000.\0003\0001\000.\0001\000.\0001\000\040\000F\000l\000o\000y\000d\000\137\000W\000a\000r\000s\000h\000a\000l\000l\000\050\000\051}{subsection.5.31.1}% 185
\BOOKMARK [1][-]{section.5.32}{\376\377\0005\000.\0003\0002\000\040\000f\000l\000o\000y\000d\000\137\000w\000a\000r\000s\000h\000a\000l\000l\000.\000h\000p\000p}{chapter.5}% 186
\BOOKMARK [1][-]{section.5.33}{\376\377\0005\000.\0003\0003\000\040\000G\000r\000a\000p\000h\000s\000/\000M\000a\000x\000i\000m\000u\000m\000\137\000F\000l\000o\000w\000/\000M\000a\000x\000i\000m\000u\000m\000\137\000F\000l\000o\000w\000.\000h\000p\000p\000\040\000F\000i\000l\000e\000\040\000R\000e\000f\000e\000r\000e\000n\000c\000e}{chapter.5}% 187
\BOOKMARK [2][-]{subsection.5.33.1}{\376\377\0005\000.\0003\0003\000.\0001\000\040\000F\000u\000n\000c\000t\000i\000o\000n\000\040\000D\000o\000c\000u\000m\000e\000n\000t\000a\000t\000i\000o\000n}{section.5.33}% 188
\BOOKMARK [3][-]{subsubsection.5.33.1.1}{\376\377\0005\000.\0003\0003\000.\0001\000.\0001\000\040\000d\000i\000n\000i\000c\000\137\000b\000f\000s\000\050\000\051}{subsection.5.33.1}% 189
\BOOKMARK [3][-]{subsubsection.5.33.1.2}{\376\377\0005\000.\0003\0003\000.\0001\000.\0002\000\040\000d\000i\000n\000i\000c\000\137\000d\000f\000s\000\050\000\051}{subsection.5.33.1}% 190
\BOOKMARK [3][-]{subsubsection.5.33.1.3}{\376\377\0005\000.\0003\0003\000.\0001\000.\0003\000\040\000d\000i\000n\000i\000c\000\137\000m\000a\000x\000\137\000f\000l\000o\000w\000\050\000\051}{subsection.5.33.1}% 191
\BOOKMARK [1][-]{section.5.34}{\376\377\0005\000.\0003\0004\000\040\000M\000a\000x\000i\000m\000u\000m\000\137\000F\000l\000o\000w\000.\000h\000p\000p}{chapter.5}% 192
\BOOKMARK [1][-]{section.5.35}{\376\377\0005\000.\0003\0005\000\040\000G\000r\000a\000p\000h\000s\000/\000M\000i\000n\000i\000m\000u\000m\000\137\000C\000u\000t\000/\000M\000i\000n\000i\000m\000u\000m\000\137\000C\000u\000t\000.\000h\000p\000p\000\040\000F\000i\000l\000e\000\040\000R\000e\000f\000e\000r\000e\000n\000c\000e}{chapter.5}% 193
\BOOKMARK [2][-]{subsection.5.35.1}{\376\377\0005\000.\0003\0005\000.\0001\000\040\000F\000u\000n\000c\000t\000i\000o\000n\000\040\000D\000o\000c\000u\000m\000e\000n\000t\000a\000t\000i\000o\000n}{section.5.35}% 194
\BOOKMARK [3][-]{subsubsection.5.35.1.1}{\376\377\0005\000.\0003\0005\000.\0001\000.\0001\000\040\000m\000i\000n\000i\000m\000u\000m\000\137\000c\000u\000t\000\050\000\051}{subsection.5.35.1}% 195
\BOOKMARK [1][-]{section.5.36}{\376\377\0005\000.\0003\0006\000\040\000M\000i\000n\000i\000m\000u\000m\000\137\000C\000u\000t\000.\000h\000p\000p}{chapter.5}% 196
\BOOKMARK [1][-]{section.5.37}{\376\377\0005\000.\0003\0007\000\040\000G\000r\000a\000p\000h\000s\000/\000M\000S\000T\000/\000M\000S\000T\000.\000h\000p\000p\000\040\000F\000i\000l\000e\000\040\000R\000e\000f\000e\000r\000e\000n\000c\000e}{chapter.5}% 197
\BOOKMARK [2][-]{subsection.5.37.1}{\376\377\0005\000.\0003\0007\000.\0001\000\040\000F\000u\000n\000c\000t\000i\000o\000n\000\040\000D\000o\000c\000u\000m\000e\000n\000t\000a\000t\000i\000o\000n}{section.5.37}% 198
\BOOKMARK [3][-]{subsubsection.5.37.1.1}{\376\377\0005\000.\0003\0007\000.\0001\000.\0001\000\040\000m\000s\000t\000\050\000\051}{subsection.5.37.1}% 199
\BOOKMARK [1][-]{section.5.38}{\376\377\0005\000.\0003\0008\000\040\000M\000S\000T\000.\000h\000p\000p}{chapter.5}% 200
\BOOKMARK [1][-]{section.5.39}{\376\377\0005\000.\0003\0009\000\040\000M\000i\000s\000c\000/\000E\000q\000u\000a\000t\000i\000o\000n\000\040\000s\000o\000l\000v\000e\000r\000\040\000p\000l\000u\000s\000/\000s\000o\000l\000v\000e\000r\000.\000h\000p\000p\000\040\000F\000i\000l\000e\000\040\000R\000e\000f\000e\000r\000e\000n\000c\000e}{chapter.5}% 201
\BOOKMARK [2][-]{subsection.5.39.1}{\376\377\0005\000.\0003\0009\000.\0001\000\040\000F\000u\000n\000c\000t\000i\000o\000n\000\040\000D\000o\000c\000u\000m\000e\000n\000t\000a\000t\000i\000o\000n}{section.5.39}% 202
\BOOKMARK [3][-]{subsubsection.5.39.1.1}{\376\377\0005\000.\0003\0009\000.\0001\000.\0001\000\040\000e\000q\000u\000a\000t\000i\000o\000n\000\137\000s\000o\000l\000v\000e\000r\000\050\000\051}{subsection.5.39.1}% 203
\BOOKMARK [3][-]{subsubsection.5.39.1.2}{\376\377\0005\000.\0003\0009\000.\0001\000.\0002\000\040\000i\000s\000\137\000d\000o\000u\000b\000l\000e\000\137\000z\000e\000r\000o\000\050\000\051}{subsection.5.39.1}% 204
\BOOKMARK [1][-]{section.5.40}{\376\377\0005\000.\0004\0000\000\040\000s\000o\000l\000v\000e\000r\000.\000h\000p\000p}{chapter.5}% 205
\BOOKMARK [1][-]{section.5.41}{\376\377\0005\000.\0004\0001\000\040\000M\000i\000s\000c\000/\000I\000n\000t\000e\000r\000v\000a\000l\000\040\000C\000o\000v\000e\000r\000/\000c\000o\000v\000e\000r\000.\000h\000p\000p\000\040\000F\000i\000l\000e\000\040\000R\000e\000f\000e\000r\000e\000n\000c\000e}{chapter.5}% 206
\BOOKMARK [2][-]{subsection.5.41.1}{\376\377\0005\000.\0004\0001\000.\0001\000\040\000F\000u\000n\000c\000t\000i\000o\000n\000\040\000D\000o\000c\000u\000m\000e\000n\000t\000a\000t\000i\000o\000n}{section.5.41}% 207
\BOOKMARK [3][-]{subsubsection.5.41.1.1}{\376\377\0005\000.\0004\0001\000.\0001\000.\0001\000\040\000c\000o\000v\000e\000r\000\050\000\051}{subsection.5.41.1}% 208
\BOOKMARK [1][-]{section.5.42}{\376\377\0005\000.\0004\0002\000\040\000c\000o\000v\000e\000r\000.\000h\000p\000p}{chapter.5}% 209
\BOOKMARK [1][-]{section.5.43}{\376\377\0005\000.\0004\0003\000\040\000M\000i\000s\000c\000/\000K\000n\000a\000p\000s\000a\000c\000k\000/\000K\000n\000a\000p\000s\000a\000c\000k\000.\000h\000p\000p\000\040\000F\000i\000l\000e\000\040\000R\000e\000f\000e\000r\000e\000n\000c\000e}{chapter.5}% 210
\BOOKMARK [2][-]{subsection.5.43.1}{\376\377\0005\000.\0004\0003\000.\0001\000\040\000F\000u\000n\000c\000t\000i\000o\000n\000\040\000D\000o\000c\000u\000m\000e\000n\000t\000a\000t\000i\000o\000n}{section.5.43}% 211
\BOOKMARK [3][-]{subsubsection.5.43.1.1}{\376\377\0005\000.\0004\0003\000.\0001\000.\0001\000\040\000k\000n\000a\000p\000s\000a\000c\000k\000\050\000\051}{subsection.5.43.1}% 212
\BOOKMARK [1][-]{section.5.44}{\376\377\0005\000.\0004\0004\000\040\000K\000n\000a\000p\000s\000a\000c\000k\000.\000h\000p\000p}{chapter.5}% 213
\BOOKMARK [1][-]{section.5.45}{\376\377\0005\000.\0004\0005\000\040\000M\000i\000s\000c\000/\000L\000o\000n\000g\000e\000s\000t\000\040\000I\000n\000c\000r\000e\000a\000s\000i\000n\000g\000\040\000S\000u\000b\000s\000e\000q\000u\000e\000n\000c\000e\000/\000l\000i\000s\000.\000h\000p\000p\000\040\000F\000i\000l\000e\000\040\000R\000e\000f\000e\000r\000e\000n\000c\000e}{chapter.5}% 214
\BOOKMARK [2][-]{subsection.5.45.1}{\376\377\0005\000.\0004\0005\000.\0001\000\040\000F\000u\000n\000c\000t\000i\000o\000n\000\040\000D\000o\000c\000u\000m\000e\000n\000t\000a\000t\000i\000o\000n}{section.5.45}% 215
\BOOKMARK [3][-]{subsubsection.5.45.1.1}{\376\377\0005\000.\0004\0005\000.\0001\000.\0001\000\040\000l\000i\000s\000\050\000\051}{subsection.5.45.1}% 216
\BOOKMARK [1][-]{section.5.46}{\376\377\0005\000.\0004\0006\000\040\000l\000i\000s\000.\000h\000p\000p}{chapter.5}% 217
\BOOKMARK [1][-]{section.5.47}{\376\377\0005\000.\0004\0007\000\040\000M\000i\000s\000c\000/\000P\000o\000l\000y\000m\000u\000l\000/\000F\000F\000T\000.\000h\000p\000p\000\040\000F\000i\000l\000e\000\040\000R\000e\000f\000e\000r\000e\000n\000c\000e}{chapter.5}% 218
\BOOKMARK [2][-]{subsection.5.47.1}{\376\377\0005\000.\0004\0007\000.\0001\000\040\000M\000a\000c\000r\000o\000\040\000D\000e\000f\000i\000n\000i\000t\000i\000o\000n\000\040\000D\000o\000c\000u\000m\000e\000n\000t\000a\000t\000i\000o\000n}{section.5.47}% 219
\BOOKMARK [3][-]{subsubsection.5.47.1.1}{\376\377\0005\000.\0004\0007\000.\0001\000.\0001\000\040\000P\000I}{subsection.5.47.1}% 220
\BOOKMARK [2][-]{subsection.5.47.2}{\376\377\0005\000.\0004\0007\000.\0002\000\040\000T\000y\000p\000e\000d\000e\000f\000\040\000D\000o\000c\000u\000m\000e\000n\000t\000a\000t\000i\000o\000n}{section.5.47}% 221
\BOOKMARK [3][-]{subsubsection.5.47.2.1}{\376\377\0005\000.\0004\0007\000.\0002\000.\0001\000\040\000l\000l}{subsection.5.47.2}% 222
\BOOKMARK [2][-]{subsection.5.47.3}{\376\377\0005\000.\0004\0007\000.\0003\000\040\000F\000u\000n\000c\000t\000i\000o\000n\000\040\000D\000o\000c\000u\000m\000e\000n\000t\000a\000t\000i\000o\000n}{section.5.47}% 223
\BOOKMARK [3][-]{subsubsection.5.47.3.1}{\376\377\0005\000.\0004\0007\000.\0003\000.\0001\000\040\000F\000F\000T\000\050\000\051}{subsection.5.47.3}% 224
\BOOKMARK [3][-]{subsubsection.5.47.3.2}{\376\377\0005\000.\0004\0007\000.\0003\000.\0002\000\040\000I\000N\000V\000E\000R\000S\000E\000\137\000F\000F\000T\000\050\000\051}{subsection.5.47.3}% 225
\BOOKMARK [3][-]{subsubsection.5.47.3.3}{\376\377\0005\000.\0004\0007\000.\0003\000.\0003\000\040\000P\000o\000l\000y\000m\000u\000l\000\050\000\051}{subsection.5.47.3}% 226
\BOOKMARK [3][-]{subsubsection.5.47.3.4}{\376\377\0005\000.\0004\0007\000.\0003\000.\0004\000\040\000P\000o\000l\000y\000m\000u\000l\000\137\000Q\000u\000a\000d\000r\000a\000t\000i\000c\000\050\000\051}{subsection.5.47.3}% 227
\BOOKMARK [1][-]{section.5.48}{\376\377\0005\000.\0004\0008\000\040\000F\000F\000T\000.\000h\000p\000p}{chapter.5}% 228
\BOOKMARK [1][-]{section.5.49}{\376\377\0005\000.\0004\0009\000\040\000P\000r\000i\000m\000e\000\137\000N\000u\000m\000b\000e\000r\000s\000/\000P\000r\000i\000m\000e\000\137\000F\000a\000c\000t\000o\000r\000i\000s\000a\000t\000i\000o\000n\000/\000F\000a\000c\000t\000o\000r\000i\000z\000e\000.\000h\000p\000p\000\040\000F\000i\000l\000e\000\040\000R\000e\000f\000e\000r\000e\000n\000c\000e}{chapter.5}% 229
\BOOKMARK [2][-]{subsection.5.49.1}{\376\377\0005\000.\0004\0009\000.\0001\000\040\000T\000y\000p\000e\000d\000e\000f\000\040\000D\000o\000c\000u\000m\000e\000n\000t\000a\000t\000i\000o\000n}{section.5.49}% 230
\BOOKMARK [3][-]{subsubsection.5.49.1.1}{\376\377\0005\000.\0004\0009\000.\0001\000.\0001\000\040\000l\000l}{subsection.5.49.1}% 231
\BOOKMARK [3][-]{subsubsection.5.49.1.2}{\376\377\0005\000.\0004\0009\000.\0001\000.\0002\000\040\000u\0001\0002\0008}{subsection.5.49.1}% 232
\BOOKMARK [3][-]{subsubsection.5.49.1.3}{\376\377\0005\000.\0004\0009\000.\0001\000.\0003\000\040\000u\000l\000l}{subsection.5.49.1}% 233
\BOOKMARK [2][-]{subsection.5.49.2}{\376\377\0005\000.\0004\0009\000.\0002\000\040\000F\000u\000n\000c\000t\000i\000o\000n\000\040\000D\000o\000c\000u\000m\000e\000n\000t\000a\000t\000i\000o\000n}{section.5.49}% 234
\BOOKMARK [3][-]{subsubsection.5.49.2.1}{\376\377\0005\000.\0004\0009\000.\0002\000.\0001\000\040\000f\000\050\000\051}{subsection.5.49.2}% 235
\BOOKMARK [3][-]{subsubsection.5.49.2.2}{\376\377\0005\000.\0004\0009\000.\0002\000.\0002\000\040\000f\000a\000s\000t\000\137\000f\000a\000c\000t\000o\000r\000s\000\050\000\051}{subsection.5.49.2}% 236
\BOOKMARK [3][-]{subsubsection.5.49.2.3}{\376\377\0005\000.\0004\0009\000.\0002\000.\0003\000\040\000f\000a\000s\000t\000\137\000p\000r\000i\000m\000e\000\050\000\051}{subsection.5.49.2}% 237
\BOOKMARK [3][-]{subsubsection.5.49.2.4}{\376\377\0005\000.\0004\0009\000.\0002\000.\0004\000\040\000g\000c\000d\000\050\000\051}{subsection.5.49.2}% 238
\BOOKMARK [3][-]{subsubsection.5.49.2.5}{\376\377\0005\000.\0004\0009\000.\0002\000.\0005\000\040\000i\000s\000\137\000P\000r\000o\000b\000a\000b\000l\000y\000\137\000P\000r\000i\000m\000e\000\050\000\051}{subsection.5.49.2}% 239
\BOOKMARK [3][-]{subsubsection.5.49.2.6}{\376\377\0005\000.\0004\0009\000.\0002\000.\0006\000\040\000M\000i\000l\000l\000e\000r\000\137\000t\000e\000s\000t\000\050\000\051}{subsection.5.49.2}% 240
\BOOKMARK [3][-]{subsubsection.5.49.2.7}{\376\377\0005\000.\0004\0009\000.\0002\000.\0007\000\040\000m\000o\000d\000M\000u\000l\000t\000\050\000\051}{subsection.5.49.2}% 241
\BOOKMARK [3][-]{subsubsection.5.49.2.8}{\376\377\0005\000.\0004\0009\000.\0002\000.\0008\000\040\000n\000e\000s\000t\000e\000d\000\050\000\051}{subsection.5.49.2}% 242
\BOOKMARK [3][-]{subsubsection.5.49.2.9}{\376\377\0005\000.\0004\0009\000.\0002\000.\0009\000\040\000P\000o\000l\000l\000a\000r\000d\000\137\000R\000h\000o\000\050\000\051}{subsection.5.49.2}% 243
\BOOKMARK [3][-]{subsubsection.5.49.2.10}{\376\377\0005\000.\0004\0009\000.\0002\000.\0001\0000\000\040\000p\000o\000w\000M\000o\000d\000\050\000\051}{subsection.5.49.2}% 244
\BOOKMARK [3][-]{subsubsection.5.49.2.11}{\376\377\0005\000.\0004\0009\000.\0002\000.\0001\0001\000\040\000p\000r\000i\000m\000e\000\137\000w\000i\000t\000h\000\137\000m\000u\000l\000t\000\050\000\051}{subsection.5.49.2}% 245
\BOOKMARK [2][-]{subsection.5.49.3}{\376\377\0005\000.\0004\0009\000.\0003\000\040\000V\000a\000r\000i\000a\000b\000l\000e\000\040\000D\000o\000c\000u\000m\000e\000n\000t\000a\000t\000i\000o\000n}{section.5.49}% 246
\BOOKMARK [3][-]{subsubsection.5.49.3.1}{\376\377\0005\000.\0004\0009\000.\0003\000.\0001\000\040\000p\000r\000i\000m\000e\000s}{subsection.5.49.3}% 247
\BOOKMARK [1][-]{section.5.50}{\376\377\0005\000.\0005\0000\000\040\000F\000a\000c\000t\000o\000r\000i\000z\000e\000.\000h\000p\000p}{chapter.5}% 248
\BOOKMARK [1][-]{section.5.51}{\376\377\0005\000.\0005\0001\000\040\000P\000r\000i\000m\000e\000\137\000N\000u\000m\000b\000e\000r\000s\000/\000P\000r\000i\000m\000e\000\137\000S\000i\000e\000v\000e\000/\000S\000i\000e\000v\000e\000.\000h\000p\000p\000\040\000F\000i\000l\000e\000\040\000R\000e\000f\000e\000r\000e\000n\000c\000e}{chapter.5}% 249
\BOOKMARK [1][-]{section.5.52}{\376\377\0005\000.\0005\0002\000\040\000S\000i\000e\000v\000e\000.\000h\000p\000p}{chapter.5}% 250
\BOOKMARK [1][-]{section.5.53}{\376\377\0005\000.\0005\0003\000\040\000R\000E\000A\000D\000M\000E\000.\000m\000d\000\040\000F\000i\000l\000e\000\040\000R\000e\000f\000e\000r\000e\000n\000c\000e}{chapter.5}% 251
\BOOKMARK [1][-]{section.5.54}{\376\377\0005\000.\0005\0004\000\040\000S\000t\000r\000i\000n\000g\000s\000/\000A\000h\000o\000-\000c\000o\000r\000a\000s\000i\000c\000k\000/\000A\000h\000o\000-\000C\000o\000r\000a\000s\000i\000c\000k\000.\000h\000p\000p\000\040\000F\000i\000l\000e\000\040\000R\000e\000f\000e\000r\000e\000n\000c\000e}{chapter.5}% 252
\BOOKMARK [1][-]{section.5.55}{\376\377\0005\000.\0005\0005\000\040\000A\000h\000o\000-\000C\000o\000r\000a\000s\000i\000c\000k\000.\000h\000p\000p}{chapter.5}% 253
\BOOKMARK [1][-]{section.5.56}{\376\377\0005\000.\0005\0006\000\040\000S\000t\000r\000i\000n\000g\000s\000/\000S\000u\000f\000f\000i\000x\000-\000s\000o\000r\000t\000i\000n\000g\000/\000S\000u\000f\000f\000i\000x\000\137\000S\000o\000r\000t\000i\000n\000g\000.\000h\000p\000p\000\040\000F\000i\000l\000e\000\040\000R\000e\000f\000e\000r\000e\000n\000c\000e}{chapter.5}% 254
\BOOKMARK [1][-]{section.5.57}{\376\377\0005\000.\0005\0007\000\040\000S\000u\000f\000f\000i\000x\000\137\000S\000o\000r\000t\000i\000n\000g\000.\000h\000p\000p}{chapter.5}% 255
\BOOKMARK [0][-]{section*.56}{\376\377\000I\000n\000d\000e\000x}{}% 256
